  UnitManager.cpp
  Unit.cpp
  NetworkManager.cpp
c:\users\laura.reilly\desktop\real networked boids\flocking\networkmanager.cpp(12): warning C4309: '=': truncation of constant value
  HomeScreen.cpp
  Game.cpp
c:\program files (x86)\windows kits\8.1\include\shared\ws2def.h(96): warning C4005: 'AF_IPX': macro redefinition
  c:\program files (x86)\windows kits\8.1\include\um\winsock.h(452): note: see previous definition of 'AF_IPX'
c:\program files (x86)\windows kits\8.1\include\shared\ws2def.h(136): warning C4005: 'AF_MAX': macro redefinition
  c:\program files (x86)\windows kits\8.1\include\um\winsock.h(471): note: see previous definition of 'AF_MAX'
c:\program files (x86)\windows kits\8.1\include\shared\ws2def.h(173): warning C4005: 'SO_DONTLINGER': macro redefinition
  c:\program files (x86)\windows kits\8.1\include\um\winsock.h(394): note: see previous definition of 'SO_DONTLINGER'
c:\program files (x86)\windows kits\8.1\include\shared\ws2def.h(217): error C2011: 'sockaddr': 'struct' type redefinition
  c:\program files (x86)\windows kits\8.1\include\um\winsock.h(1002): note: see declaration of 'sockaddr'
c:\program files (x86)\windows kits\8.1\include\shared\ws2def.h(414): error C2059: syntax error: 'constant'
c:\program files (x86)\windows kits\8.1\include\shared\ws2def.h(414): error C3805: 'constant': unexpected token, expected either '}' or a ','
c:\program files (x86)\windows kits\8.1\include\shared\ws2def.h(549): warning C4005: 'IN_CLASSA': macro redefinition
  c:\program files (x86)\windows kits\8.1\include\um\winsock.h(279): note: see previous definition of 'IN_CLASSA'
c:\program files (x86)\windows kits\8.1\include\shared\ws2def.h(555): warning C4005: 'IN_CLASSB': macro redefinition
  c:\program files (x86)\windows kits\8.1\include\um\winsock.h(285): note: see previous definition of 'IN_CLASSB'
c:\program files (x86)\windows kits\8.1\include\shared\ws2def.h(561): warning C4005: 'IN_CLASSC': macro redefinition
  c:\program files (x86)\windows kits\8.1\include\um\winsock.h(291): note: see previous definition of 'IN_CLASSC'
c:\program files (x86)\windows kits\8.1\include\shared\ws2def.h(572): warning C4005: 'INADDR_ANY': macro redefinition
  c:\program files (x86)\windows kits\8.1\include\um\winsock.h(296): note: see previous definition of 'INADDR_ANY'
c:\program files (x86)\windows kits\8.1\include\shared\ws2def.h(574): warning C4005: 'INADDR_BROADCAST': macro redefinition
  c:\program files (x86)\windows kits\8.1\include\um\winsock.h(298): note: see previous definition of 'INADDR_BROADCAST'
c:\program files (x86)\windows kits\8.1\include\shared\ws2def.h(608): error C2011: 'sockaddr_in': 'struct' type redefinition
  c:\program files (x86)\windows kits\8.1\include\um\winsock.h(1006): note: see declaration of 'sockaddr_in'
c:\program files (x86)\windows kits\8.1\include\um\winsock2.h(125): error C2011: 'fd_set': 'struct' type redefinition
  c:\program files (x86)\windows kits\8.1\include\um\winsock.h(1014): note: see declaration of 'fd_set'
c:\program files (x86)\windows kits\8.1\include\um\winsock2.h(145): warning C4005: 'FD_CLR': macro redefinition
  c:\program files (x86)\windows kits\8.1\include\um\winsock.h(89): note: see previous definition of 'FD_CLR'
c:\program files (x86)\windows kits\8.1\include\um\winsock2.h(160): warning C4005: 'FD_SET': macro redefinition
  c:\program files (x86)\windows kits\8.1\include\um\winsock.h(94): note: see previous definition of 'FD_SET'
c:\program files (x86)\windows kits\8.1\include\um\winsock2.h(169): error C2011: 'timeval': 'struct' type redefinition
  c:\program files (x86)\windows kits\8.1\include\um\winsock.h(1030): note: see declaration of 'timeval'
c:\program files (x86)\windows kits\8.1\include\um\winsock2.h(225): error C2011: 'hostent': 'struct' type redefinition
  c:\program files (x86)\windows kits\8.1\include\um\winsock.h(1018): note: see declaration of 'hostent'
c:\program files (x86)\windows kits\8.1\include\um\winsock2.h(238): error C2011: 'netent': 'struct' type redefinition
  c:\program files (x86)\windows kits\8.1\include\um\winsock.h(172): note: see declaration of 'netent'
c:\program files (x86)\windows kits\8.1\include\um\winsock2.h(245): error C2011: 'servent': 'struct' type redefinition
  c:\program files (x86)\windows kits\8.1\include\um\winsock.h(1022): note: see declaration of 'servent'
c:\program files (x86)\windows kits\8.1\include\um\winsock2.h(257): error C2011: 'protoent': 'struct' type redefinition
  c:\program files (x86)\windows kits\8.1\include\um\winsock.h(1026): note: see declaration of 'protoent'
c:\program files (x86)\windows kits\8.1\include\um\winsock2.h(353): error C2011: 'WSAData': 'struct' type redefinition
  c:\program files (x86)\windows kits\8.1\include\um\winsock.h(314): note: see declaration of 'WSAData'
c:\program files (x86)\windows kits\8.1\include\um\winsock2.h(451): error C2011: 'sockproto': 'struct' type redefinition
  c:\program files (x86)\windows kits\8.1\include\um\winsock.h(486): note: see declaration of 'sockproto'
c:\program files (x86)\windows kits\8.1\include\um\winsock2.h(493): error C2011: 'linger': 'struct' type redefinition
  c:\program files (x86)\windows kits\8.1\include\um\winsock.h(1010): note: see declaration of 'linger'
c:\program files (x86)\windows kits\8.1\include\um\winsock2.h(506): warning C4005: 'SOMAXCONN': macro redefinition
  c:\program files (x86)\windows kits\8.1\include\um\winsock.h(536): note: see previous definition of 'SOMAXCONN'
c:\program files (x86)\windows kits\8.1\include\um\winsock2.h(540): warning C4005: 'FD_READ': macro redefinition
  c:\program files (x86)\windows kits\8.1\include\um\winsock.h(554): note: see previous definition of 'FD_READ'
c:\program files (x86)\windows kits\8.1\include\um\winsock2.h(543): warning C4005: 'FD_WRITE': macro redefinition
  c:\program files (x86)\windows kits\8.1\include\um\winsock.h(555): note: see previous definition of 'FD_WRITE'
c:\program files (x86)\windows kits\8.1\include\um\winsock2.h(546): warning C4005: 'FD_OOB': macro redefinition
  c:\program files (x86)\windows kits\8.1\include\um\winsock.h(556): note: see previous definition of 'FD_OOB'
c:\program files (x86)\windows kits\8.1\include\um\winsock2.h(549): warning C4005: 'FD_ACCEPT': macro redefinition
  c:\program files (x86)\windows kits\8.1\include\um\winsock.h(557): note: see previous definition of 'FD_ACCEPT'
c:\program files (x86)\windows kits\8.1\include\um\winsock2.h(552): warning C4005: 'FD_CONNECT': macro redefinition
  c:\program files (x86)\windows kits\8.1\include\um\winsock.h(558): note: see previous definition of 'FD_CONNECT'
c:\program files (x86)\windows kits\8.1\include\um\winsock2.h(555): warning C4005: 'FD_CLOSE': macro redefinition
  c:\program files (x86)\windows kits\8.1\include\um\winsock.h(559): note: see previous definition of 'FD_CLOSE'
c:\program files (x86)\windows kits\8.1\include\um\winsock2.h(1577): error C2375: 'accept': redefinition; different linkage
  c:\program files (x86)\windows kits\8.1\include\um\winsock.h(734): note: see declaration of 'accept'
c:\program files (x86)\windows kits\8.1\include\um\winsock2.h(1599): error C2375: 'bind': redefinition; different linkage
  c:\program files (x86)\windows kits\8.1\include\um\winsock.h(739): note: see declaration of 'bind'
c:\program files (x86)\windows kits\8.1\include\um\winsock2.h(1620): error C2375: 'closesocket': redefinition; different linkage
  c:\program files (x86)\windows kits\8.1\include\um\winsock.h(744): note: see declaration of 'closesocket'
c:\program files (x86)\windows kits\8.1\include\um\winsock2.h(1637): error C2375: 'connect': redefinition; different linkage
  c:\program files (x86)\windows kits\8.1\include\um\winsock.h(746): note: see declaration of 'connect'
c:\program files (x86)\windows kits\8.1\include\um\winsock2.h(1658): error C2375: 'ioctlsocket': redefinition; different linkage
  c:\program files (x86)\windows kits\8.1\include\um\winsock.h(751): note: see declaration of 'ioctlsocket'
c:\program files (x86)\windows kits\8.1\include\um\winsock2.h(1679): error C2375: 'getpeername': redefinition; different linkage
  c:\program files (x86)\windows kits\8.1\include\um\winsock.h(756): note: see declaration of 'getpeername'
c:\program files (x86)\windows kits\8.1\include\um\winsock2.h(1700): error C2375: 'getsockname': redefinition; different linkage
  c:\program files (x86)\windows kits\8.1\include\um\winsock.h(761): note: see declaration of 'getsockname'
c:\program files (x86)\windows kits\8.1\include\um\winsock2.h(1721): error C2375: 'getsockopt': redefinition; different linkage
  c:\program files (x86)\windows kits\8.1\include\um\winsock.h(766): note: see declaration of 'getsockopt'
c:\program files (x86)\windows kits\8.1\include\um\winsock2.h(1746): error C2375: 'htonl': redefinition; different linkage
  c:\program files (x86)\windows kits\8.1\include\um\winsock.h(773): note: see declaration of 'htonl'
c:\program files (x86)\windows kits\8.1\include\um\winsock2.h(1763): error C2375: 'htons': redefinition; different linkage
  c:\program files (x86)\windows kits\8.1\include\um\winsock.h(775): note: see declaration of 'htons'
c:\program files (x86)\windows kits\8.1\include\um\winsock2.h(1780): error C2375: 'inet_addr': redefinition; different linkage
  c:\program files (x86)\windows kits\8.1\include\um\winsock.h(777): note: see declaration of 'inet_addr'
c:\program files (x86)\windows kits\8.1\include\um\winsock2.h(1797): error C2375: 'inet_ntoa': redefinition; different linkage
  c:\program files (x86)\windows kits\8.1\include\um\winsock.h(779): note: see declaration of 'inet_ntoa'
c:\program files (x86)\windows kits\8.1\include\um\winsock2.h(1897): error C2375: 'listen': redefinition; different linkage
  c:\program files (x86)\windows kits\8.1\include\um\winsock.h(781): note: see declaration of 'listen'
c:\program files (x86)\windows kits\8.1\include\um\winsock2.h(1916): error C2375: 'ntohl': redefinition; different linkage
  c:\program files (x86)\windows kits\8.1\include\um\winsock.h(785): note: see declaration of 'ntohl'
c:\program files (x86)\windows kits\8.1\include\um\winsock2.h(1933): error C2375: 'ntohs': redefinition; different linkage
  c:\program files (x86)\windows kits\8.1\include\um\winsock.h(787): note: see declaration of 'ntohs'
c:\program files (x86)\windows kits\8.1\include\um\winsock2.h(1950): error C2375: 'recv': redefinition; different linkage
  c:\program files (x86)\windows kits\8.1\include\um\winsock.h(789): note: see declaration of 'recv'
c:\program files (x86)\windows kits\8.1\include\um\winsock2.h(1973): error C2375: 'recvfrom': redefinition; different linkage
  c:\program files (x86)\windows kits\8.1\include\um\winsock.h(795): note: see declaration of 'recvfrom'
c:\program files (x86)\windows kits\8.1\include\um\winsock2.h(2000): error C2375: 'select': redefinition; different linkage
  c:\program files (x86)\windows kits\8.1\include\um\winsock.h(803): note: see declaration of 'select'
c:\program files (x86)\windows kits\8.1\include\um\winsock2.h(2025): error C2375: 'send': redefinition; different linkage
  c:\program files (x86)\windows kits\8.1\include\um\winsock.h(810): note: see declaration of 'send'
c:\program files (x86)\windows kits\8.1\include\um\winsock2.h(2048): error C2375: 'sendto': redefinition; different linkage
  c:\program files (x86)\windows kits\8.1\include\um\winsock.h(816): note: see declaration of 'sendto'
c:\program files (x86)\windows kits\8.1\include\um\winsock2.h(2075): error C2375: 'setsockopt': redefinition; different linkage
  c:\program files (x86)\windows kits\8.1\include\um\winsock.h(824): note: see declaration of 'setsockopt'
c:\program files (x86)\windows kits\8.1\include\um\winsock2.h(2100): error C2375: 'shutdown': redefinition; different linkage
  c:\program files (x86)\windows kits\8.1\include\um\winsock.h(831): note: see declaration of 'shutdown'
c:\program files (x86)\windows kits\8.1\include\um\winsock2.h(2120): error C2375: 'socket': redefinition; different linkage
  c:\program files (x86)\windows kits\8.1\include\um\winsock.h(835): note: see declaration of 'socket'
c:\program files (x86)\windows kits\8.1\include\um\winsock2.h(2144): error C2375: 'gethostbyaddr': redefinition; different linkage
  c:\program files (x86)\windows kits\8.1\include\um\winsock.h(842): note: see declaration of 'gethostbyaddr'
c:\program files (x86)\windows kits\8.1\include\um\winsock2.h(2165): error C2375: 'gethostbyname': redefinition; different linkage
  c:\program files (x86)\windows kits\8.1\include\um\winsock.h(847): note: see declaration of 'gethostbyname'
c:\program files (x86)\windows kits\8.1\include\um\winsock2.h(2182): error C2375: 'gethostname': redefinition; different linkage
  c:\program files (x86)\windows kits\8.1\include\um\winsock.h(849): note: see declaration of 'gethostname'
c:\program files (x86)\windows kits\8.1\include\um\winsock2.h(2222): error C2375: 'getservbyport': redefinition; different linkage
  c:\program files (x86)\windows kits\8.1\include\um\winsock.h(853): note: see declaration of 'getservbyport'
c:\program files (x86)\windows kits\8.1\include\um\winsock2.h(2241): error C2375: 'getservbyname': redefinition; different linkage
  c:\program files (x86)\windows kits\8.1\include\um\winsock.h(857): note: see declaration of 'getservbyname'
c:\program files (x86)\windows kits\8.1\include\um\winsock2.h(2260): error C2375: 'getprotobynumber': redefinition; different linkage
  c:\program files (x86)\windows kits\8.1\include\um\winsock.h(861): note: see declaration of 'getprotobynumber'
c:\program files (x86)\windows kits\8.1\include\um\winsock2.h(2277): error C2375: 'getprotobyname': redefinition; different linkage
  c:\program files (x86)\windows kits\8.1\include\um\winsock.h(863): note: see declaration of 'getprotobyname'
c:\program files (x86)\windows kits\8.1\include\um\winsock2.h(2297): error C2375: 'WSAStartup': redefinition; different linkage
  c:\program files (x86)\windows kits\8.1\include\um\winsock.h(867): note: see declaration of 'WSAStartup'
c:\program files (x86)\windows kits\8.1\include\um\winsock2.h(2317): error C2375: 'WSACleanup': redefinition; different linkage
  c:\program files (x86)\windows kits\8.1\include\um\winsock.h(871): note: see declaration of 'WSACleanup'
c:\program files (x86)\windows kits\8.1\include\um\winsock2.h(2334): error C2375: 'WSASetLastError': redefinition; different linkage
  c:\program files (x86)\windows kits\8.1\include\um\winsock.h(873): note: see declaration of 'WSASetLastError'
c:\program files (x86)\windows kits\8.1\include\um\winsock2.h(2351): error C2375: 'WSAGetLastError': redefinition; different linkage
  c:\program files (x86)\windows kits\8.1\include\um\winsock.h(875): note: see declaration of 'WSAGetLastError'
c:\program files (x86)\windows kits\8.1\include\um\winsock2.h(2368): error C2375: 'WSAIsBlocking': redefinition; different linkage
  c:\program files (x86)\windows kits\8.1\include\um\winsock.h(877): note: see declaration of 'WSAIsBlocking'
c:\program files (x86)\windows kits\8.1\include\um\winsock2.h(2385): error C2375: 'WSAUnhookBlockingHook': redefinition; different linkage
  c:\program files (x86)\windows kits\8.1\include\um\winsock.h(879): note: see declaration of 'WSAUnhookBlockingHook'
c:\program files (x86)\windows kits\8.1\include\um\winsock2.h(2402): error C2375: 'WSASetBlockingHook': redefinition; different linkage
  c:\program files (x86)\windows kits\8.1\include\um\winsock.h(881): note: see declaration of 'WSASetBlockingHook'
c:\program files (x86)\windows kits\8.1\include\um\winsock2.h(2419): error C2375: 'WSACancelBlockingCall': redefinition; different linkage
  c:\program files (x86)\windows kits\8.1\include\um\winsock.h(883): note: see declaration of 'WSACancelBlockingCall'
c:\program files (x86)\windows kits\8.1\include\um\winsock2.h(2436): error C2375: 'WSAAsyncGetServByName': redefinition; different linkage
  c:\program files (x86)\windows kits\8.1\include\um\winsock.h(885): note: see declaration of 'WSAAsyncGetServByName'
c:\program files (x86)\windows kits\8.1\include\um\winsock2.h(2463): error C2375: 'WSAAsyncGetServByPort': redefinition; different linkage
  c:\program files (x86)\windows kits\8.1\include\um\winsock.h(893): note: see declaration of 'WSAAsyncGetServByPort'
c:\program files (x86)\windows kits\8.1\include\um\winsock2.h(2490): error C2375: 'WSAAsyncGetProtoByName': redefinition; different linkage
  c:\program files (x86)\windows kits\8.1\include\um\winsock.h(901): note: see declaration of 'WSAAsyncGetProtoByName'
c:\program files (x86)\windows kits\8.1\include\um\winsock2.h(2515): error C2375: 'WSAAsyncGetProtoByNumber': redefinition; different linkage
  c:\program files (x86)\windows kits\8.1\include\um\winsock.h(908): note: see declaration of 'WSAAsyncGetProtoByNumber'
c:\program files (x86)\windows kits\8.1\include\um\winsock2.h(2540): error C2375: 'WSAAsyncGetHostByName': redefinition; different linkage
  c:\program files (x86)\windows kits\8.1\include\um\winsock.h(915): note: see declaration of 'WSAAsyncGetHostByName'
c:\program files (x86)\windows kits\8.1\include\um\winsock2.h(2565): error C2375: 'WSAAsyncGetHostByAddr': redefinition; different linkage
  c:\program files (x86)\windows kits\8.1\include\um\winsock.h(922): note: see declaration of 'WSAAsyncGetHostByAddr'
c:\program files (x86)\windows kits\8.1\include\um\winsock2.h(2594): error C2375: 'WSACancelAsyncRequest': redefinition; different linkage
  c:\program files (x86)\windows kits\8.1\include\um\winsock.h(931): note: see declaration of 'WSACancelAsyncRequest'
c:\program files (x86)\windows kits\8.1\include\um\winsock2.h(2611): error C2375: 'WSAAsyncSelect': redefinition; different linkage
  c:\program files (x86)\windows kits\8.1\include\um\winsock.h(933): note: see declaration of 'WSAAsyncSelect'
c:\program files (x86)\windows kits\8.1\include\shared\ws2ipdef.h(80): error C2079: 'sockaddr_gen::Address' uses undefined struct 'sockaddr'
c:\program files (x86)\windows kits\8.1\include\shared\ws2ipdef.h(81): error C2079: 'sockaddr_gen::AddressIn' uses undefined struct 'sockaddr_in'
c:\program files (x86)\windows kits\8.1\include\shared\ws2ipdef.h(124): warning C4005: 'IP_TOS': macro redefinition
  c:\program files (x86)\windows kits\8.1\include\um\winsock.h(344): note: see previous definition of 'IP_TOS'
c:\program files (x86)\windows kits\8.1\include\shared\ws2ipdef.h(125): warning C4005: 'IP_TTL': macro redefinition
  c:\program files (x86)\windows kits\8.1\include\um\winsock.h(343): note: see previous definition of 'IP_TTL'
c:\program files (x86)\windows kits\8.1\include\shared\ws2ipdef.h(126): warning C4005: 'IP_MULTICAST_IF': macro redefinition
  c:\program files (x86)\windows kits\8.1\include\um\winsock.h(338): note: see previous definition of 'IP_MULTICAST_IF'
c:\program files (x86)\windows kits\8.1\include\shared\ws2ipdef.h(127): warning C4005: 'IP_MULTICAST_TTL': macro redefinition
  c:\program files (x86)\windows kits\8.1\include\um\winsock.h(339): note: see previous definition of 'IP_MULTICAST_TTL'
c:\program files (x86)\windows kits\8.1\include\shared\ws2ipdef.h(128): warning C4005: 'IP_MULTICAST_LOOP': macro redefinition
  c:\program files (x86)\windows kits\8.1\include\um\winsock.h(340): note: see previous definition of 'IP_MULTICAST_LOOP'
c:\program files (x86)\windows kits\8.1\include\shared\ws2ipdef.h(129): warning C4005: 'IP_ADD_MEMBERSHIP': macro redefinition
  c:\program files (x86)\windows kits\8.1\include\um\winsock.h(341): note: see previous definition of 'IP_ADD_MEMBERSHIP'
c:\program files (x86)\windows kits\8.1\include\shared\ws2ipdef.h(130): warning C4005: 'IP_DROP_MEMBERSHIP': macro redefinition
  c:\program files (x86)\windows kits\8.1\include\um\winsock.h(342): note: see previous definition of 'IP_DROP_MEMBERSHIP'
c:\program files (x86)\windows kits\8.1\include\shared\ws2ipdef.h(131): warning C4005: 'IP_DONTFRAGMENT': macro redefinition
  c:\program files (x86)\windows kits\8.1\include\um\winsock.h(345): note: see previous definition of 'IP_DONTFRAGMENT'
c:\program files (x86)\windows kits\8.1\include\shared\ws2ipdef.h(202): error C2079: '_SOCKADDR_INET::Ipv4' uses undefined struct 'sockaddr_in'
c:\program files (x86)\windows kits\8.1\include\shared\ws2ipdef.h(715): error C2011: 'ip_mreq': 'struct' type redefinition
  c:\program files (x86)\windows kits\8.1\include\um\winsock.h(355): note: see declaration of 'ip_mreq'
c:\dansclasseshg\devsdks\devsdks\include\raknet\raknettypes.h(216): error C2079: 'RakNet::SystemAddress::addr4' uses undefined struct 'sockaddr_in'
  ActiveGameState.cpp
  Generating Code...
  Compiling...
  WanderSteering.cpp
  WanderAndChaseSteering.cpp
  SteeringComponent.cpp
c:\users\laura.reilly\desktop\real networked boids\flocking\steeringcomponent.cpp(62): warning C4305: 'argument': truncation from 'double' to 'float'
c:\users\laura.reilly\desktop\real networked boids\flocking\steeringcomponent.cpp(67): warning C4305: 'argument': truncation from 'double' to 'float'
c:\users\laura.reilly\desktop\real networked boids\flocking\steeringcomponent.cpp(73): warning C4305: 'argument': truncation from 'double' to 'float'
c:\users\laura.reilly\desktop\real networked boids\flocking\steeringcomponent.cpp(85): warning C4244: 'argument': conversion from 'const UnitID' to 'float', possible loss of data
c:\users\laura.reilly\desktop\real networked boids\flocking\steeringcomponent.cpp(91): warning C4244: 'argument': conversion from 'const UnitID' to 'float', possible loss of data
  SeparationSteering.cpp
  SeekSteering.cpp
  SeekAndFace.cpp
  PositionComponent.cpp
  PlayerMoveToMessage.cpp
  main.cpp
  GroupAlignmentSteering.cpp
  GraphicsSystem.cpp
  GraphicsBuffer.cpp
  GameMessageManager.cpp
  FlockingSteering.cpp
  FaceSteering.cpp
  ExitGameMessage.cpp
  DeleteUnitMessage.cpp
  ComponentManager.cpp
  CohesionSteering.cpp
  ArriveSteering.cpp
  Generating Code...
  Compiling...
  ArriveAndFaceSteering.cpp
  AddUnitMessage.cpp
  Generating Code...
